TN:
SF:src\parser.ts
FN:23,(anonymous_1)
FN:14,(anonymous_2)
FN:16,(anonymous_3)
FN:81,(anonymous_4)
FN:85,(anonymous_5)
FN:88,(anonymous_6)
FN:107,(anonymous_7)
FN:111,(anonymous_8)
FN:112,(anonymous_9)
FN:116,(anonymous_10)
FN:127,(anonymous_11)
FN:134,(anonymous_12)
FN:143,(anonymous_13)
FN:152,(anonymous_14)
FNF:14
FNH:14
FNDA:14,(anonymous_1)
FNDA:21,(anonymous_2)
FNDA:30,(anonymous_3)
FNDA:7,(anonymous_4)
FNDA:14,(anonymous_5)
FNDA:140,(anonymous_6)
FNDA:7,(anonymous_7)
FNDA:14,(anonymous_8)
FNDA:70,(anonymous_9)
FNDA:70,(anonymous_10)
FNDA:7,(anonymous_11)
FNDA:7,(anonymous_12)
FNDA:70,(anonymous_13)
FNDA:70,(anonymous_14)
DA:1,1
DA:2,1
DA:3,1
DA:4,1
DA:6,1
DA:9,14
DA:10,14
DA:16,21
DA:17,30
DA:19,21
DA:20,2
DA:24,14
DA:25,3
DA:26,3
DA:27,3
DA:28,3
DA:30,11
DA:31,11
DA:32,10
DA:34,9
DA:35,1
DA:36,1
DA:37,1
DA:38,1
DA:40,8
DA:41,1
DA:43,7
DA:82,7
DA:83,7
DA:84,7
DA:85,7
DA:86,14
DA:87,14
DA:88,14
DA:89,140
DA:90,70
DA:91,70
DA:92,70
DA:94,14
DA:95,14
DA:98,7
DA:99,0
DA:101,7
DA:108,7
DA:109,7
DA:110,7
DA:111,7
DA:112,14
DA:113,70
DA:116,14
DA:117,70
DA:120,14
DA:128,7
DA:135,7
DA:144,70
DA:145,70
DA:147,70
DA:153,70
DA:154,70
DA:155,70
DA:156,70
DA:157,70
LF:62
LH:61
BRDA:24,0,0,3
BRDA:24,0,1,11
BRDA:27,1,0,3
BRDA:27,1,1,1
BRDA:34,2,0,1
BRDA:34,2,1,8
BRDA:37,3,0,1
BRDA:37,3,1,0
BRDA:40,4,0,1
BRDA:40,4,1,7
BRDA:19,5,0,2
BRDA:19,5,1,19
BRDA:81,6,0,7
BRDA:89,7,0,70
BRDA:89,7,1,70
BRDA:89,8,0,140
BRDA:89,8,1,70
BRDA:91,9,0,70
BRDA:91,9,1,0
BRDA:91,10,0,70
BRDA:91,10,1,70
BRDA:94,11,0,14
BRDA:94,11,1,0
BRDA:98,12,0,0
BRDA:98,12,1,7
BRDA:147,13,0,70
BRDA:147,13,1,0
BRDA:148,14,0,0
BRDA:148,14,1,0
BRDA:156,15,0,70
BRDA:156,15,1,0
BRDA:157,16,0,70
BRDA:157,16,1,0
BRDA:158,17,0,0
BRDA:158,17,1,0
BRF:35
BRH:24
end_of_record
